# Logfile created on 2011-10-11 23:29:07 -0400 by logger.rb/25413
REQUESTING PAGE: GET /signin with {} and HTTP headers {}
REQUESTING PAGE: POST /sessions with {"utf8"=>"✓", "session"=>{"email"=>"nancy@examples.com", "password"=>""}, "commit"=>"Sign in"} and HTTP headers {"HTTP_REFERER"=>"/signin"}
REQUESTING PAGE: GET /signin with {} and HTTP headers {}
REQUESTING PAGE: POST /sessions with {"utf8"=>"✓", "session"=>{"email"=>"bidhan@patnaiks.com", "password"=>""}, "commit"=>"Sign in"} and HTTP headers {"HTTP_REFERER"=>"/signin"}
REQUESTING PAGE: GET /signin with {} and HTTP headers {}
REQUESTING PAGE: POST /sessions with {"utf8"=>"✓", "session"=>{"email"=>"bidhan@patnaiks.com", "password"=>""}, "commit"=>"Sign in"} and HTTP headers {"HTTP_REFERER"=>"/signin"}
REQUESTING PAGE: GET /signin with {} and HTTP headers {}
REQUESTING PAGE: POST /sessions with {"utf8"=>"✓", "session"=>{"email"=>"bidhan@patnaiks.com", "password"=>"hanuman"}, "commit"=>"Sign in"} and HTTP headers {"HTTP_REFERER"=>"/signin"}
REQUESTING PAGE: GET http://www.example.com/users/1 with {} and HTTP headers {"HTTP_REFERER"=>"/sessions"}
REQUESTING PAGE: GET /signin with {} and HTTP headers {}
REQUESTING PAGE: POST /sessions with {"utf8"=>"✓", "session"=>{"email"=>"bidhan@patnaiks.com", "password"=>"hanuman"}, "commit"=>"Sign in"} and HTTP headers {"HTTP_REFERER"=>"/signin"}
REQUESTING PAGE: GET http://www.example.com/users/1 with {} and HTTP headers {"HTTP_REFERER"=>"/sessions"}
REQUESTING PAGE: GET /signin with {} and HTTP headers {}
REQUESTING PAGE: POST /sessions with {"utf8"=>"✓", "session"=>{"email"=>"bidhan@patnaiks.com", "password"=>"hanuman"}, "commit"=>"Sign in"} and HTTP headers {"HTTP_REFERER"=>"/signin"}
REQUESTING PAGE: GET http://www.example.com/users/1 with {} and HTTP headers {"HTTP_REFERER"=>"/sessions"}
REQUESTING PAGE: GET /users/1/edit with {} and HTTP headers {}
REQUESTING PAGE: GET http://www.example.com/signin with {} and HTTP headers {"HTTP_REFERER"=>"/users/1/edit"}
REQUESTING PAGE: GET /users/1/edit with {} and HTTP headers {}
REQUESTING PAGE: GET http://www.example.com/signin with {} and HTTP headers {"HTTP_REFERER"=>"/users/1/edit"}
REQUESTING PAGE: POST /sessions with {"utf8"=>"✓", "session"=>{"email"=>"bidhan@patnaiks.com", "password"=>"hanuman"}, "commit"=>"Sign in"} and HTTP headers {"HTTP_REFERER"=>"http://www.example.com/signin"}
REQUESTING PAGE: GET http://www.example.com/users/1 with {} and HTTP headers {"HTTP_REFERER"=>"/sessions"}
REQUESTING PAGE: GET /users/1/edit with {} and HTTP headers {}
REQUESTING PAGE: GET http://www.example.com/signin with {} and HTTP headers {"HTTP_REFERER"=>"/users/1/edit"}
REQUESTING PAGE: POST /sessions with {"utf8"=>"✓", "session"=>{"email"=>"bidhan@patnaiks.com", "password"=>"hanuman"}, "commit"=>"Sign in"} and HTTP headers {"HTTP_REFERER"=>"http://www.example.com/signin"}
REQUESTING PAGE: GET http://www.example.com/users/1 with {} and HTTP headers {"HTTP_REFERER"=>"/sessions"}
REQUESTING PAGE: GET /users/1/edit with {} and HTTP headers {}
REQUESTING PAGE: GET http://www.example.com/signin with {} and HTTP headers {"HTTP_REFERER"=>"/users/1/edit"}
REQUESTING PAGE: POST /sessions with {"utf8"=>"✓", "session"=>{"email"=>"bidhan@patnaiks.com", "password"=>"hanuman"}, "commit"=>"Sign in"} and HTTP headers {"HTTP_REFERER"=>"http://www.example.com/signin"}
REQUESTING PAGE: GET /users/1/edit with {} and HTTP headers {}
REQUESTING PAGE: GET http://www.example.com/signin with {} and HTTP headers {"HTTP_REFERER"=>"/users/1/edit"}
REQUESTING PAGE: POST /sessions with {"utf8"=>"✓", "session"=>{"email"=>"bidhan@patnaiks.com", "password"=>"hanuman"}, "commit"=>"Sign in"} and HTTP headers {"HTTP_REFERER"=>"http://www.example.com/signin"}
REQUESTING PAGE: GET /users/1/edit with {} and HTTP headers {}
REQUESTING PAGE: GET http://www.example.com/signin with {} and HTTP headers {"HTTP_REFERER"=>"/users/1/edit"}
REQUESTING PAGE: POST /sessions with {"utf8"=>"✓", "session"=>{"email"=>"bidhan@patnaiks.com", "password"=>"hanuman"}, "commit"=>"Sign in"} and HTTP headers {"HTTP_REFERER"=>"http://www.example.com/signin"}
REQUESTING PAGE: GET http://www.example.com/users/1/edit with {} and HTTP headers {"HTTP_REFERER"=>"/sessions"}
REQUESTING PAGE: GET /users/1/edit with {} and HTTP headers {}
REQUESTING PAGE: GET http://www.example.com/signin with {} and HTTP headers {"HTTP_REFERER"=>"/users/1/edit"}
REQUESTING PAGE: GET /users/1/edit with {} and HTTP headers {}
REQUESTING PAGE: GET http://www.example.com/signin with {} and HTTP headers {"HTTP_REFERER"=>"/users/1/edit"}
REQUESTING PAGE: GET /users/1/edit with {} and HTTP headers {}
REQUESTING PAGE: GET http://www.example.com/signin with {} and HTTP headers {"HTTP_REFERER"=>"/users/1/edit"}
REQUESTING PAGE: POST /sessions with {"utf8"=>"✓", "session"=>{"email"=>"bidhan@patnaiks.com", "password"=>"hanuman"}, "commit"=>"Sign in"} and HTTP headers {"HTTP_REFERER"=>"http://www.example.com/signin"}
REQUESTING PAGE: GET http://www.example.com/users/1/edit with {} and HTTP headers {"HTTP_REFERER"=>"/sessions"}
REQUESTING PAGE: GET /users/1/edit with {} and HTTP headers {}
REQUESTING PAGE: GET http://www.example.com/signin with {} and HTTP headers {"HTTP_REFERER"=>"/users/1/edit"}
REQUESTING PAGE: POST /sessions with {"utf8"=>"✓", "session"=>{"email"=>"bidhan@patnaiks.com", "password"=>"hanuman"}, "commit"=>"Sign in"} and HTTP headers {"HTTP_REFERER"=>"http://www.example.com/signin"}
REQUESTING PAGE: GET http://www.example.com/users/1/edit with {} and HTTP headers {"HTTP_REFERER"=>"/sessions"}
REQUESTING PAGE: GET /users/1/edit with {} and HTTP headers {}
REQUESTING PAGE: GET http://www.example.com/signin with {} and HTTP headers {"HTTP_REFERER"=>"/users/1/edit"}
REQUESTING PAGE: POST /sessions with {"utf8"=>"✓", "session"=>{"email"=>"bidhan@patnaiks.com", "password"=>"hanuman"}, "commit"=>"Sign in"} and HTTP headers {"HTTP_REFERER"=>"http://www.example.com/signin"}
REQUESTING PAGE: GET http://www.example.com/users/1/edit with {} and HTTP headers {"HTTP_REFERER"=>"/sessions"}
REQUESTING PAGE: POST /users/1 with {"utf8"=>"✓", "_method"=>"put", "user"=>{"name"=>"Bidhan Patnaik", "email"=>"bidhan@patnaiks.com", "password"=>"hanuman", "password_confirmation"=>""}, "commit"=>"Update"} and HTTP headers {"HTTP_REFERER"=>"http://www.example.com/users/1/edit"}
REQUESTING PAGE: GET /users/1/edit with {} and HTTP headers {}
REQUESTING PAGE: GET http://www.example.com/signin with {} and HTTP headers {"HTTP_REFERER"=>"/users/1/edit"}
REQUESTING PAGE: POST /sessions with {"utf8"=>"✓", "session"=>{"email"=>"bidhan@patnaiks.com", "password"=>"hanuman"}, "commit"=>"Sign in"} and HTTP headers {"HTTP_REFERER"=>"http://www.example.com/signin"}
REQUESTING PAGE: GET http://www.example.com/users/1/edit with {} and HTTP headers {"HTTP_REFERER"=>"/sessions"}
REQUESTING PAGE: POST /users/1 with {"utf8"=>"✓", "_method"=>"put", "user"=>{"name"=>"Bidhan Patnaik", "email"=>"bidhan@patnaiks.com", "password"=>"hanuman", "password_confirmation"=>""}, "commit"=>"Update"} and HTTP headers {"HTTP_REFERER"=>"http://www.example.com/users/1/edit"}
REQUESTING PAGE: GET /users/1/edit with {} and HTTP headers {}
REQUESTING PAGE: GET http://www.example.com/signin with {} and HTTP headers {"HTTP_REFERER"=>"/users/1/edit"}
REQUESTING PAGE: POST /sessions with {"utf8"=>"✓", "session"=>{"email"=>"bidhan@patnaiks.com", "password"=>"hanuman"}, "commit"=>"Sign in"} and HTTP headers {"HTTP_REFERER"=>"http://www.example.com/signin"}
REQUESTING PAGE: GET http://www.example.com/users/1/edit with {} and HTTP headers {"HTTP_REFERER"=>"/sessions"}
REQUESTING PAGE: POST /users/1 with {"utf8"=>"✓", "_method"=>"put", "user"=>{"name"=>"Bidhan Patnaik", "email"=>"bidhan@patnaiks.com", "password"=>"hanuman", "password_confirmation"=>""}, "commit"=>"Update"} and HTTP headers {"HTTP_REFERER"=>"http://www.example.com/users/1/edit"}
REQUESTING PAGE: GET /users/1/edit with {} and HTTP headers {}
REQUESTING PAGE: GET http://www.example.com/signin with {} and HTTP headers {"HTTP_REFERER"=>"/users/1/edit"}
REQUESTING PAGE: POST /sessions with {"utf8"=>"✓", "session"=>{"email"=>"bidhan@patnaiks.com", "password"=>"hanuman"}, "commit"=>"Sign in"} and HTTP headers {"HTTP_REFERER"=>"http://www.example.com/signin"}
REQUESTING PAGE: GET http://www.example.com/users/1/edit with {} and HTTP headers {"HTTP_REFERER"=>"/sessions"}
REQUESTING PAGE: POST /users/1 with {"utf8"=>"✓", "_method"=>"put", "user"=>{"name"=>"Bidhan Patnaik", "email"=>"bidhan@patnaiks.com", "password"=>"hanuman", "password_confirmation"=>""}, "commit"=>"Update"} and HTTP headers {"HTTP_REFERER"=>"http://www.example.com/users/1/edit"}
